Analysis & Synthesis report for UART
Sat Jul 07 22:55:35 2018
Quartus II 64-Bit Version 13.0.1 Build 232 06/12/2013 Service Pack 1 SJ Web Edition


---------------------
; Table of Contents ;
---------------------
  1. Legal Notice
  2. Analysis & Synthesis Summary
  3. Analysis & Synthesis Settings
  4. Parallel Compilation
  5. Analysis & Synthesis Source Files Read
  6. Analysis & Synthesis Resource Usage Summary
  7. Analysis & Synthesis Resource Utilization by Entity
  8. State Machine - |UART|UART_RX:Rx_MOD|CS
  9. State Machine - |UART|UART_TX:Tx_MOD|CS
 10. Registers Removed During Synthesis
 11. Removed Registers Triggering Further Register Optimizations
 12. General Register Statistics
 13. Port Connectivity Checks: "UART_RX:Rx_MOD"
 14. Port Connectivity Checks: "UART_TX:Tx_MOD"
 15. Elapsed Time Per Partition
 16. Analysis & Synthesis Messages



----------------
; Legal Notice ;
----------------
Copyright (C) 1991-2013 Altera Corporation
Your use of Altera Corporation's design tools, logic functions 
and other software and tools, and its AMPP partner logic 
functions, and any output files from any of the foregoing 
(including device programming or simulation files), and any 
associated documentation or information are expressly subject 
to the terms and conditions of the Altera Program License 
Subscription Agreement, Altera MegaCore Function License 
Agreement, or other applicable license agreement, including, 
without limitation, that your use is for the sole purpose of 
programming logic devices manufactured by Altera and sold by 
Altera or its authorized distributors.  Please refer to the 
applicable agreement for further details.



+--------------------------------------------------------------------------------------+
; Analysis & Synthesis Summary                                                         ;
+------------------------------------+-------------------------------------------------+
; Analysis & Synthesis Status        ; Successful - Sat Jul 07 22:55:35 2018           ;
; Quartus II 64-Bit Version          ; 13.0.1 Build 232 06/12/2013 SP 1 SJ Web Edition ;
; Revision Name                      ; UART                                            ;
; Top-level Entity Name              ; UART                                            ;
; Family                             ; Cyclone II                                      ;
; Total logic elements               ; 1                                               ;
;     Total combinational functions  ; 1                                               ;
;     Dedicated logic registers      ; 0                                               ;
; Total registers                    ; 0                                               ;
; Total pins                         ; 35                                              ;
; Total virtual pins                 ; 0                                               ;
; Total memory bits                  ; 0                                               ;
; Embedded Multiplier 9-bit elements ; 0                                               ;
; Total PLLs                         ; 0                                               ;
+------------------------------------+-------------------------------------------------+


+----------------------------------------------------------------------------------------------------------------------+
; Analysis & Synthesis Settings                                                                                        ;
+----------------------------------------------------------------------------+--------------------+--------------------+
; Option                                                                     ; Setting            ; Default Value      ;
+----------------------------------------------------------------------------+--------------------+--------------------+
; Device                                                                     ; EP2C20F484C7       ;                    ;
; Top-level entity name                                                      ; UART               ; UART               ;
; Family name                                                                ; Cyclone II         ; Cyclone IV GX      ;
; Use smart compilation                                                      ; Off                ; Off                ;
; Enable parallel Assembler and TimeQuest Timing Analyzer during compilation ; On                 ; On                 ;
; Enable compact report table                                                ; Off                ; Off                ;
; Restructure Multiplexers                                                   ; Auto               ; Auto               ;
; Create Debugging Nodes for IP Cores                                        ; Off                ; Off                ;
; Preserve fewer node names                                                  ; On                 ; On                 ;
; Disable OpenCore Plus hardware evaluation                                  ; Off                ; Off                ;
; Verilog Version                                                            ; Verilog_2001       ; Verilog_2001       ;
; VHDL Version                                                               ; VHDL_1993          ; VHDL_1993          ;
; State Machine Processing                                                   ; Auto               ; Auto               ;
; Safe State Machine                                                         ; Off                ; Off                ;
; Extract Verilog State Machines                                             ; On                 ; On                 ;
; Extract VHDL State Machines                                                ; On                 ; On                 ;
; Ignore Verilog initial constructs                                          ; Off                ; Off                ;
; Iteration limit for constant Verilog loops                                 ; 5000               ; 5000               ;
; Iteration limit for non-constant Verilog loops                             ; 250                ; 250                ;
; Add Pass-Through Logic to Inferred RAMs                                    ; On                 ; On                 ;
; Infer RAMs from Raw Logic                                                  ; On                 ; On                 ;
; Parallel Synthesis                                                         ; On                 ; On                 ;
; DSP Block Balancing                                                        ; Auto               ; Auto               ;
; NOT Gate Push-Back                                                         ; On                 ; On                 ;
; Power-Up Don't Care                                                        ; On                 ; On                 ;
; Remove Redundant Logic Cells                                               ; Off                ; Off                ;
; Remove Duplicate Registers                                                 ; On                 ; On                 ;
; Ignore CARRY Buffers                                                       ; Off                ; Off                ;
; Ignore CASCADE Buffers                                                     ; Off                ; Off                ;
; Ignore GLOBAL Buffers                                                      ; Off                ; Off                ;
; Ignore ROW GLOBAL Buffers                                                  ; Off                ; Off                ;
; Ignore LCELL Buffers                                                       ; Off                ; Off                ;
; Ignore SOFT Buffers                                                        ; On                 ; On                 ;
; Limit AHDL Integers to 32 Bits                                             ; Off                ; Off                ;
; Optimization Technique                                                     ; Balanced           ; Balanced           ;
; Carry Chain Length                                                         ; 70                 ; 70                 ;
; Auto Carry Chains                                                          ; On                 ; On                 ;
; Auto Open-Drain Pins                                                       ; On                 ; On                 ;
; Perform WYSIWYG Primitive Resynthesis                                      ; Off                ; Off                ;
; Auto ROM Replacement                                                       ; On                 ; On                 ;
; Auto RAM Replacement                                                       ; On                 ; On                 ;
; Auto Shift Register Replacement                                            ; Auto               ; Auto               ;
; Allow Shift Register Merging across Hierarchies                            ; Auto               ; Auto               ;
; Auto Clock Enable Replacement                                              ; On                 ; On                 ;
; Strict RAM Replacement                                                     ; Off                ; Off                ;
; Allow Synchronous Control Signals                                          ; On                 ; On                 ;
; Force Use of Synchronous Clear Signals                                     ; Off                ; Off                ;
; Auto RAM to Logic Cell Conversion                                          ; Off                ; Off                ;
; Auto Resource Sharing                                                      ; Off                ; Off                ;
; Allow Any RAM Size For Recognition                                         ; Off                ; Off                ;
; Allow Any ROM Size For Recognition                                         ; Off                ; Off                ;
; Allow Any Shift Register Size For Recognition                              ; Off                ; Off                ;
; Use LogicLock Constraints during Resource Balancing                        ; On                 ; On                 ;
; Ignore translate_off and synthesis_off directives                          ; Off                ; Off                ;
; Timing-Driven Synthesis                                                    ; Off                ; Off                ;
; Report Parameter Settings                                                  ; On                 ; On                 ;
; Report Source Assignments                                                  ; On                 ; On                 ;
; Report Connectivity Checks                                                 ; On                 ; On                 ;
; Ignore Maximum Fan-Out Assignments                                         ; Off                ; Off                ;
; Synchronization Register Chain Length                                      ; 2                  ; 2                  ;
; PowerPlay Power Optimization                                               ; Normal compilation ; Normal compilation ;
; HDL message level                                                          ; Level2             ; Level2             ;
; Suppress Register Optimization Related Messages                            ; Off                ; Off                ;
; Number of Removed Registers Reported in Synthesis Report                   ; 5000               ; 5000               ;
; Number of Swept Nodes Reported in Synthesis Report                         ; 5000               ; 5000               ;
; Number of Inverted Registers Reported in Synthesis Report                  ; 100                ; 100                ;
; Clock MUX Protection                                                       ; On                 ; On                 ;
; Auto Gated Clock Conversion                                                ; Off                ; Off                ;
; Block Design Naming                                                        ; Auto               ; Auto               ;
; SDC constraint protection                                                  ; Off                ; Off                ;
; Synthesis Effort                                                           ; Auto               ; Auto               ;
; Shift Register Replacement - Allow Asynchronous Clear Signal               ; On                 ; On                 ;
; Pre-Mapping Resynthesis Optimization                                       ; Off                ; Off                ;
; Analysis & Synthesis Message Level                                         ; Medium             ; Medium             ;
; Disable Register Merging Across Hierarchies                                ; Auto               ; Auto               ;
; Resource Aware Inference For Block RAM                                     ; On                 ; On                 ;
; Synthesis Seed                                                             ; 1                  ; 1                  ;
+----------------------------------------------------------------------------+--------------------+--------------------+


Parallel compilation was disabled, but you have multiple processors available. Enable parallel compilation to reduce compilation time.
+-------------------------------------+
; Parallel Compilation                ;
+----------------------------+--------+
; Processors                 ; Number ;
+----------------------------+--------+
; Number detected on machine ; 4      ;
; Maximum allowed            ; 1      ;
+----------------------------+--------+


+-------------------------------------------------------------------------------------------------------------------------------------------------------+
; Analysis & Synthesis Source Files Read                                                                                                                ;
+----------------------------------+-----------------+-----------------+----------------------------------------------------------------------+---------+
; File Name with User-Entered Path ; Used in Netlist ; File Type       ; File Name with Absolute Path                                         ; Library ;
+----------------------------------+-----------------+-----------------+----------------------------------------------------------------------+---------+
; UART.vhdl                        ; yes             ; User VHDL File  ; C:/Users/Livuya/Google Drive/Project/Source Code/UART/UART.vhdl      ;         ;
; UART_RX.vhd                      ; yes             ; User VHDL File  ; C:/Users/Livuya/Google Drive/Project/Source Code/UART/UART_RX.vhd    ;         ;
; UART_TX.vhdl                     ; yes             ; User VHDL File  ; C:/Users/Livuya/Google Drive/Project/Source Code/UART/UART_TX.vhdl   ;         ;
; UART_MODs.vhdl                   ; yes             ; User VHDL File  ; C:/Users/Livuya/Google Drive/Project/Source Code/UART/UART_MODs.vhdl ;         ;
+----------------------------------+-----------------+-----------------+----------------------------------------------------------------------+---------+


+--------------------------------------------------------------------+
; Analysis & Synthesis Resource Usage Summary                        ;
+---------------------------------------------+----------------------+
; Resource                                    ; Usage                ;
+---------------------------------------------+----------------------+
; Estimated Total logic elements              ; 1                    ;
;                                             ;                      ;
; Total combinational functions               ; 1                    ;
; Logic element usage by number of LUT inputs ;                      ;
;     -- 4 input functions                    ; 0                    ;
;     -- 3 input functions                    ; 1                    ;
;     -- <=2 input functions                  ; 0                    ;
;                                             ;                      ;
; Logic elements by mode                      ;                      ;
;     -- normal mode                          ; 1                    ;
;     -- arithmetic mode                      ; 0                    ;
;                                             ;                      ;
; Total registers                             ; 0                    ;
;     -- Dedicated logic registers            ; 0                    ;
;     -- I/O registers                        ; 0                    ;
;                                             ;                      ;
; I/O pins                                    ; 35                   ;
; Embedded Multiplier 9-bit elements          ; 0                    ;
; Maximum fan-out node                        ; UART_TX:Tx_MOD|RDY~0 ;
; Maximum fan-out                             ; 1                    ;
; Total fan-out                               ; 4                    ;
; Average fan-out                             ; 0.11                 ;
+---------------------------------------------+----------------------+


+------------------------------------------------------------------------------------------------------------------------------------------------------------------------------+
; Analysis & Synthesis Resource Utilization by Entity                                                                                                                          ;
+----------------------------+-------------------+--------------+-------------+--------------+---------+-----------+------+--------------+----------------------+--------------+
; Compilation Hierarchy Node ; LC Combinationals ; LC Registers ; Memory Bits ; DSP Elements ; DSP 9x9 ; DSP 18x18 ; Pins ; Virtual Pins ; Full Hierarchy Name  ; Library Name ;
+----------------------------+-------------------+--------------+-------------+--------------+---------+-----------+------+--------------+----------------------+--------------+
; |UART                      ; 1 (0)             ; 0 (0)        ; 0           ; 0            ; 0       ; 0         ; 35   ; 0            ; |UART                ; work         ;
;    |UART_TX:Tx_MOD|        ; 1 (1)             ; 0 (0)        ; 0           ; 0            ; 0       ; 0         ; 0    ; 0            ; |UART|UART_TX:Tx_MOD ; work         ;
+----------------------------+-------------------+--------------+-------------+--------------+---------+-----------+------+--------------+----------------------+--------------+
Note: For table entries with two numbers listed, the numbers in parentheses indicate the number of resources of the given type used by the specific entity alone. The numbers listed outside of parentheses indicate the total resources of the given type used by the specific entity and all of its sub-entities in the hierarchy.


Encoding Type:  One-Hot
+---------------------------------------------------------------------------------------------------------------------------------+
; State Machine - |UART|UART_RX:Rx_MOD|CS                                                                                         ;
+-----------+----------+----------+---------+-----------+-------+-------+-------+-------+-------+-------+-------+-------+---------+
; Name      ; CS.START ; CS.ERROR ; CS.STOP ; CS.PARITY ; CS.B7 ; CS.B6 ; CS.B5 ; CS.B4 ; CS.B3 ; CS.B2 ; CS.B1 ; CS.B0 ; CS.IDAL ;
+-----------+----------+----------+---------+-----------+-------+-------+-------+-------+-------+-------+-------+-------+---------+
; CS.IDAL   ; 0        ; 0        ; 0       ; 0         ; 0     ; 0     ; 0     ; 0     ; 0     ; 0     ; 0     ; 0     ; 0       ;
; CS.B0     ; 0        ; 0        ; 0       ; 0         ; 0     ; 0     ; 0     ; 0     ; 0     ; 0     ; 0     ; 1     ; 1       ;
; CS.B1     ; 0        ; 0        ; 0       ; 0         ; 0     ; 0     ; 0     ; 0     ; 0     ; 0     ; 1     ; 0     ; 1       ;
; CS.B2     ; 0        ; 0        ; 0       ; 0         ; 0     ; 0     ; 0     ; 0     ; 0     ; 1     ; 0     ; 0     ; 1       ;
; CS.B3     ; 0        ; 0        ; 0       ; 0         ; 0     ; 0     ; 0     ; 0     ; 1     ; 0     ; 0     ; 0     ; 1       ;
; CS.B4     ; 0        ; 0        ; 0       ; 0         ; 0     ; 0     ; 0     ; 1     ; 0     ; 0     ; 0     ; 0     ; 1       ;
; CS.B5     ; 0        ; 0        ; 0       ; 0         ; 0     ; 0     ; 1     ; 0     ; 0     ; 0     ; 0     ; 0     ; 1       ;
; CS.B6     ; 0        ; 0        ; 0       ; 0         ; 0     ; 1     ; 0     ; 0     ; 0     ; 0     ; 0     ; 0     ; 1       ;
; CS.B7     ; 0        ; 0        ; 0       ; 0         ; 1     ; 0     ; 0     ; 0     ; 0     ; 0     ; 0     ; 0     ; 1       ;
; CS.PARITY ; 0        ; 0        ; 0       ; 1         ; 0     ; 0     ; 0     ; 0     ; 0     ; 0     ; 0     ; 0     ; 1       ;
; CS.STOP   ; 0        ; 0        ; 1       ; 0         ; 0     ; 0     ; 0     ; 0     ; 0     ; 0     ; 0     ; 0     ; 1       ;
; CS.ERROR  ; 0        ; 1        ; 0       ; 0         ; 0     ; 0     ; 0     ; 0     ; 0     ; 0     ; 0     ; 0     ; 1       ;
; CS.START  ; 1        ; 0        ; 0       ; 0         ; 0     ; 0     ; 0     ; 0     ; 0     ; 0     ; 0     ; 0     ; 1       ;
+-----------+----------+----------+---------+-----------+-------+-------+-------+-------+-------+-------+-------+-------+---------+


Encoding Type:  One-Hot
+---------------------------------------------------------------------------------------------------------------------------------+
; State Machine - |UART|UART_TX:Tx_MOD|CS                                                                                         ;
+-----------+----------+----------+---------+-----------+-------+-------+-------+-------+-------+-------+-------+-------+---------+
; Name      ; CS.START ; CS.ERROR ; CS.STOP ; CS.PARITY ; CS.B7 ; CS.B6 ; CS.B5 ; CS.B4 ; CS.B3 ; CS.B2 ; CS.B1 ; CS.B0 ; CS.IDAL ;
+-----------+----------+----------+---------+-----------+-------+-------+-------+-------+-------+-------+-------+-------+---------+
; CS.IDAL   ; 0        ; 0        ; 0       ; 0         ; 0     ; 0     ; 0     ; 0     ; 0     ; 0     ; 0     ; 0     ; 0       ;
; CS.B0     ; 0        ; 0        ; 0       ; 0         ; 0     ; 0     ; 0     ; 0     ; 0     ; 0     ; 0     ; 1     ; 1       ;
; CS.B1     ; 0        ; 0        ; 0       ; 0         ; 0     ; 0     ; 0     ; 0     ; 0     ; 0     ; 1     ; 0     ; 1       ;
; CS.B2     ; 0        ; 0        ; 0       ; 0         ; 0     ; 0     ; 0     ; 0     ; 0     ; 1     ; 0     ; 0     ; 1       ;
; CS.B3     ; 0        ; 0        ; 0       ; 0         ; 0     ; 0     ; 0     ; 0     ; 1     ; 0     ; 0     ; 0     ; 1       ;
; CS.B4     ; 0        ; 0        ; 0       ; 0         ; 0     ; 0     ; 0     ; 1     ; 0     ; 0     ; 0     ; 0     ; 1       ;
; CS.B5     ; 0        ; 0        ; 0       ; 0         ; 0     ; 0     ; 1     ; 0     ; 0     ; 0     ; 0     ; 0     ; 1       ;
; CS.B6     ; 0        ; 0        ; 0       ; 0         ; 0     ; 1     ; 0     ; 0     ; 0     ; 0     ; 0     ; 0     ; 1       ;
; CS.B7     ; 0        ; 0        ; 0       ; 0         ; 1     ; 0     ; 0     ; 0     ; 0     ; 0     ; 0     ; 0     ; 1       ;
; CS.PARITY ; 0        ; 0        ; 0       ; 1         ; 0     ; 0     ; 0     ; 0     ; 0     ; 0     ; 0     ; 0     ; 1       ;
; CS.STOP   ; 0        ; 0        ; 1       ; 0         ; 0     ; 0     ; 0     ; 0     ; 0     ; 0     ; 0     ; 0     ; 1       ;
; CS.ERROR  ; 0        ; 1        ; 0       ; 0         ; 0     ; 0     ; 0     ; 0     ; 0     ; 0     ; 0     ; 0     ; 1       ;
; CS.START  ; 1        ; 0        ; 0       ; 0         ; 0     ; 0     ; 0     ; 0     ; 0     ; 0     ; 0     ; 0     ; 1       ;
+-----------+----------+----------+---------+-----------+-------+-------+-------+-------+-------+-------+-------+-------+---------+


+-------------------------------------------------------------------------------+
; Registers Removed During Synthesis                                            ;
+----------------------------------------+--------------------------------------+
; Register name                          ; Reason for Removal                   ;
+----------------------------------------+--------------------------------------+
; UART_RX:Rx_MOD|CS.IDAL                 ; Stuck at GND due to stuck port clock ;
; UART_RX:Rx_MOD|CS.B0                   ; Stuck at GND due to stuck port clock ;
; UART_RX:Rx_MOD|CS.B1                   ; Stuck at GND due to stuck port clock ;
; UART_RX:Rx_MOD|CS.B2                   ; Stuck at GND due to stuck port clock ;
; UART_RX:Rx_MOD|CS.B3                   ; Stuck at GND due to stuck port clock ;
; UART_RX:Rx_MOD|CS.B4                   ; Stuck at GND due to stuck port clock ;
; UART_RX:Rx_MOD|CS.B5                   ; Stuck at GND due to stuck port clock ;
; UART_RX:Rx_MOD|CS.B6                   ; Stuck at GND due to stuck port clock ;
; UART_RX:Rx_MOD|CS.B7                   ; Stuck at GND due to stuck port clock ;
; UART_RX:Rx_MOD|CS.PARITY               ; Stuck at GND due to stuck port clock ;
; UART_RX:Rx_MOD|CS.STOP                 ; Stuck at GND due to stuck port clock ;
; UART_RX:Rx_MOD|CS.ERROR                ; Stuck at GND due to stuck port clock ;
; UART_RX:Rx_MOD|CS.START                ; Stuck at GND due to stuck port clock ;
; UART_TX:Tx_MOD|CS.IDAL                 ; Stuck at GND due to stuck port clock ;
; UART_TX:Tx_MOD|CS.B0                   ; Stuck at GND due to stuck port clock ;
; UART_TX:Tx_MOD|CS.B1                   ; Stuck at GND due to stuck port clock ;
; UART_TX:Tx_MOD|CS.B2                   ; Stuck at GND due to stuck port clock ;
; UART_TX:Tx_MOD|CS.B3                   ; Stuck at GND due to stuck port clock ;
; UART_TX:Tx_MOD|CS.B4                   ; Stuck at GND due to stuck port clock ;
; UART_TX:Tx_MOD|CS.B5                   ; Stuck at GND due to stuck port clock ;
; UART_TX:Tx_MOD|CS.B6                   ; Stuck at GND due to stuck port clock ;
; UART_TX:Tx_MOD|CS.B7                   ; Stuck at GND due to stuck port clock ;
; UART_TX:Tx_MOD|CS.PARITY               ; Stuck at GND due to stuck port clock ;
; UART_TX:Tx_MOD|CS.STOP                 ; Stuck at GND due to stuck port clock ;
; UART_TX:Tx_MOD|CS.ERROR                ; Stuck at GND due to stuck port clock ;
; UART_TX:Tx_MOD|CS.START                ; Stuck at GND due to stuck port clock ;
; Total Number of Removed Registers = 26 ;                                      ;
+----------------------------------------+--------------------------------------+


+--------------------------------------------------------------------------------------------------------------------------------------------+
; Removed Registers Triggering Further Register Optimizations                                                                                ;
+------------------------+-------------------------+-----------------------------------------------------------------------------------------+
; Register name          ; Reason for Removal      ; Registers Removed due to This Register                                                  ;
+------------------------+-------------------------+-----------------------------------------------------------------------------------------+
; UART_RX:Rx_MOD|CS.B0   ; Stuck at GND            ; UART_RX:Rx_MOD|CS.B1, UART_RX:Rx_MOD|CS.B2, UART_RX:Rx_MOD|CS.B3, UART_RX:Rx_MOD|CS.B4, ;
;                        ; due to stuck port clock ; UART_RX:Rx_MOD|CS.B5, UART_RX:Rx_MOD|CS.B6, UART_RX:Rx_MOD|CS.B7,                       ;
;                        ;                         ; UART_RX:Rx_MOD|CS.STOP                                                                  ;
; UART_TX:Tx_MOD|CS.B0   ; Stuck at GND            ; UART_TX:Tx_MOD|CS.B1, UART_TX:Tx_MOD|CS.B2, UART_TX:Tx_MOD|CS.B3, UART_TX:Tx_MOD|CS.B4, ;
;                        ; due to stuck port clock ; UART_TX:Tx_MOD|CS.B5, UART_TX:Tx_MOD|CS.B6, UART_TX:Tx_MOD|CS.B7,                       ;
;                        ;                         ; UART_TX:Tx_MOD|CS.STOP                                                                  ;
; UART_RX:Rx_MOD|CS.IDAL ; Stuck at GND            ; UART_RX:Rx_MOD|CS.START                                                                 ;
;                        ; due to stuck port clock ;                                                                                         ;
+------------------------+-------------------------+-----------------------------------------------------------------------------------------+


+------------------------------------------------------+
; General Register Statistics                          ;
+----------------------------------------------+-------+
; Statistic                                    ; Value ;
+----------------------------------------------+-------+
; Total registers                              ; 0     ;
; Number of registers using Synchronous Clear  ; 0     ;
; Number of registers using Synchronous Load   ; 0     ;
; Number of registers using Asynchronous Clear ; 0     ;
; Number of registers using Asynchronous Load  ; 0     ;
; Number of registers using Clock Enable       ; 0     ;
; Number of registers using Preset             ; 0     ;
+----------------------------------------------+-------+


+--------------------------------------------+
; Port Connectivity Checks: "UART_RX:Rx_MOD" ;
+------+-------+----------+------------------+
; Port ; Type  ; Severity ; Details          ;
+------+-------+----------+------------------+
; clk  ; Input ; Info     ; Stuck at GND     ;
+------+-------+----------+------------------+


+--------------------------------------------+
; Port Connectivity Checks: "UART_TX:Tx_MOD" ;
+------+-------+----------+------------------+
; Port ; Type  ; Severity ; Details          ;
+------+-------+----------+------------------+
; clk  ; Input ; Info     ; Stuck at GND     ;
+------+-------+----------+------------------+


+-------------------------------+
; Elapsed Time Per Partition    ;
+----------------+--------------+
; Partition Name ; Elapsed Time ;
+----------------+--------------+
; Top            ; 00:00:00     ;
+----------------+--------------+


+-------------------------------+
; Analysis & Synthesis Messages ;
+-------------------------------+
Info: *******************************************************************
Info: Running Quartus II 64-Bit Analysis & Synthesis
    Info: Version 13.0.1 Build 232 06/12/2013 Service Pack 1 SJ Web Edition
    Info: Processing started: Sat Jul 07 22:55:33 2018
Info: Command: quartus_map --read_settings_files=on --write_settings_files=off UART -c UART
Warning (20028): Parallel compilation is not licensed and has been disabled
Info (12021): Found 2 design units, including 1 entities, in source file uart.vhdl
    Info (12022): Found design unit 1: UART-EUSART
    Info (12023): Found entity 1: UART
Info (12021): Found 2 design units, including 1 entities, in source file uart_rx.vhd
    Info (12022): Found design unit 1: UART_RX-UART_RECEIVE
    Info (12023): Found entity 1: UART_RX
Info (12021): Found 2 design units, including 1 entities, in source file uart_tx.vhdl
    Info (12022): Found design unit 1: UART_TX-UART_TRANSMIT
    Info (12023): Found entity 1: UART_TX
Info (12021): Found 2 design units, including 1 entities, in source file baudrate.vhdl
    Info (12022): Found design unit 1: BAUDRATE-BAUD
    Info (12023): Found entity 1: BAUDRATE
Info (12021): Found 1 design units, including 0 entities, in source file uart_mods.vhdl
    Info (12022): Found design unit 1: UART_MODs
Info (12127): Elaborating entity "UART" for the top level hierarchy
Warning (10540): VHDL Signal Declaration warning at UART.vhdl(31): used explicit default value for signal "RATE" because signal was never assigned a value
Info (12128): Elaborating entity "UART_TX" for hierarchy "UART_TX:Tx_MOD"
Warning (10492): VHDL Process Statement warning at UART_TX.vhdl(40): signal "EN" is read inside the Process Statement but isn't in the Process Statement's sensitivity list
Warning (10492): VHDL Process Statement warning at UART_TX.vhdl(43): signal "GO" is read inside the Process Statement but isn't in the Process Statement's sensitivity list
Warning (10492): VHDL Process Statement warning at UART_TX.vhdl(46): signal "DATA" is read inside the Process Statement but isn't in the Process Statement's sensitivity list
Warning (10492): VHDL Process Statement warning at UART_TX.vhdl(55): signal "DATA_HOLD" is read inside the Process Statement but isn't in the Process Statement's sensitivity list
Warning (10492): VHDL Process Statement warning at UART_TX.vhdl(58): signal "DATA_HOLD" is read inside the Process Statement but isn't in the Process Statement's sensitivity list
Warning (10492): VHDL Process Statement warning at UART_TX.vhdl(61): signal "DATA_HOLD" is read inside the Process Statement but isn't in the Process Statement's sensitivity list
Warning (10492): VHDL Process Statement warning at UART_TX.vhdl(64): signal "DATA_HOLD" is read inside the Process Statement but isn't in the Process Statement's sensitivity list
Warning (10492): VHDL Process Statement warning at UART_TX.vhdl(67): signal "DATA_HOLD" is read inside the Process Statement but isn't in the Process Statement's sensitivity list
Warning (10492): VHDL Process Statement warning at UART_TX.vhdl(70): signal "DATA_HOLD" is read inside the Process Statement but isn't in the Process Statement's sensitivity list
Warning (10492): VHDL Process Statement warning at UART_TX.vhdl(73): signal "DATA_HOLD" is read inside the Process Statement but isn't in the Process Statement's sensitivity list
Warning (10492): VHDL Process Statement warning at UART_TX.vhdl(76): signal "DATA_HOLD" is read inside the Process Statement but isn't in the Process Statement's sensitivity list
Warning (10492): VHDL Process Statement warning at UART_TX.vhdl(79): signal "DATA_HOLD" is read inside the Process Statement but isn't in the Process Statement's sensitivity list
Warning (10492): VHDL Process Statement warning at UART_TX.vhdl(80): signal "DATA_HOLD" is read inside the Process Statement but isn't in the Process Statement's sensitivity list
Warning (10631): VHDL Process Statement warning at UART_TX.vhdl(34): inferring latch(es) for signal or variable "RDY", which holds its previous value in one or more paths through the process
Warning (10631): VHDL Process Statement warning at UART_TX.vhdl(34): inferring latch(es) for signal or variable "TX", which holds its previous value in one or more paths through the process
Warning (10631): VHDL Process Statement warning at UART_TX.vhdl(34): inferring latch(es) for signal or variable "DATA_HOLD", which holds its previous value in one or more paths through the process
Info (10041): Inferred latch for "DATA_HOLD[0]" at UART_TX.vhdl(34)
Info (10041): Inferred latch for "DATA_HOLD[1]" at UART_TX.vhdl(34)
Info (10041): Inferred latch for "DATA_HOLD[2]" at UART_TX.vhdl(34)
Info (10041): Inferred latch for "DATA_HOLD[3]" at UART_TX.vhdl(34)
Info (10041): Inferred latch for "DATA_HOLD[4]" at UART_TX.vhdl(34)
Info (10041): Inferred latch for "DATA_HOLD[5]" at UART_TX.vhdl(34)
Info (10041): Inferred latch for "DATA_HOLD[6]" at UART_TX.vhdl(34)
Info (10041): Inferred latch for "DATA_HOLD[7]" at UART_TX.vhdl(34)
Info (10041): Inferred latch for "TX" at UART_TX.vhdl(34)
Info (10041): Inferred latch for "RDY" at UART_TX.vhdl(34)
Info (12128): Elaborating entity "UART_RX" for hierarchy "UART_RX:Rx_MOD"
Warning (10492): VHDL Process Statement warning at UART_RX.vhd(28): signal "RX" is read inside the Process Statement but isn't in the Process Statement's sensitivity list
Warning (10492): VHDL Process Statement warning at UART_RX.vhd(45): signal "EN" is read inside the Process Statement but isn't in the Process Statement's sensitivity list
Warning (10492): VHDL Process Statement warning at UART_RX.vhd(48): signal "RDY" is read inside the Process Statement but isn't in the Process Statement's sensitivity list
Warning (10492): VHDL Process Statement warning at UART_RX.vhd(55): signal "EN" is read inside the Process Statement but isn't in the Process Statement's sensitivity list
Warning (10492): VHDL Process Statement warning at UART_RX.vhd(55): signal "RDY" is read inside the Process Statement but isn't in the Process Statement's sensitivity list
Warning (10492): VHDL Process Statement warning at UART_RX.vhd(57): signal "RCIF" is read inside the Process Statement but isn't in the Process Statement's sensitivity list
Warning (10492): VHDL Process Statement warning at UART_RX.vhd(64): signal "RX" is read inside the Process Statement but isn't in the Process Statement's sensitivity list
Warning (10492): VHDL Process Statement warning at UART_RX.vhd(67): signal "RX" is read inside the Process Statement but isn't in the Process Statement's sensitivity list
Warning (10492): VHDL Process Statement warning at UART_RX.vhd(70): signal "RX" is read inside the Process Statement but isn't in the Process Statement's sensitivity list
Warning (10492): VHDL Process Statement warning at UART_RX.vhd(73): signal "RX" is read inside the Process Statement but isn't in the Process Statement's sensitivity list
Warning (10492): VHDL Process Statement warning at UART_RX.vhd(76): signal "RX" is read inside the Process Statement but isn't in the Process Statement's sensitivity list
Warning (10492): VHDL Process Statement warning at UART_RX.vhd(79): signal "RX" is read inside the Process Statement but isn't in the Process Statement's sensitivity list
Warning (10492): VHDL Process Statement warning at UART_RX.vhd(82): signal "RX" is read inside the Process Statement but isn't in the Process Statement's sensitivity list
Warning (10492): VHDL Process Statement warning at UART_RX.vhd(85): signal "RX" is read inside the Process Statement but isn't in the Process Statement's sensitivity list
Warning (10492): VHDL Process Statement warning at UART_RX.vhd(93): signal "DATA_HOLD" is read inside the Process Statement but isn't in the Process Statement's sensitivity list
Warning (10492): VHDL Process Statement warning at UART_RX.vhd(97): signal "EN" is read inside the Process Statement but isn't in the Process Statement's sensitivity list
Warning (10492): VHDL Process Statement warning at UART_RX.vhd(97): signal "RDY" is read inside the Process Statement but isn't in the Process Statement's sensitivity list
Warning (10631): VHDL Process Statement warning at UART_RX.vhd(40): inferring latch(es) for signal or variable "DONE", which holds its previous value in one or more paths through the process
Warning (10631): VHDL Process Statement warning at UART_RX.vhd(40): inferring latch(es) for signal or variable "DATA_HOLD", which holds its previous value in one or more paths through the process
Warning (10631): VHDL Process Statement warning at UART_RX.vhd(40): inferring latch(es) for signal or variable "DATA", which holds its previous value in one or more paths through the process
Info (10041): Inferred latch for "DATA[0]" at UART_RX.vhd(40)
Info (10041): Inferred latch for "DATA[1]" at UART_RX.vhd(40)
Info (10041): Inferred latch for "DATA[2]" at UART_RX.vhd(40)
Info (10041): Inferred latch for "DATA[3]" at UART_RX.vhd(40)
Info (10041): Inferred latch for "DATA[4]" at UART_RX.vhd(40)
Info (10041): Inferred latch for "DATA[5]" at UART_RX.vhd(40)
Info (10041): Inferred latch for "DATA[6]" at UART_RX.vhd(40)
Info (10041): Inferred latch for "DATA[7]" at UART_RX.vhd(40)
Info (10041): Inferred latch for "DATA_HOLD[0]" at UART_RX.vhd(40)
Info (10041): Inferred latch for "DATA_HOLD[1]" at UART_RX.vhd(40)
Info (10041): Inferred latch for "DATA_HOLD[2]" at UART_RX.vhd(40)
Info (10041): Inferred latch for "DATA_HOLD[3]" at UART_RX.vhd(40)
Info (10041): Inferred latch for "DATA_HOLD[4]" at UART_RX.vhd(40)
Info (10041): Inferred latch for "DATA_HOLD[5]" at UART_RX.vhd(40)
Info (10041): Inferred latch for "DATA_HOLD[6]" at UART_RX.vhd(40)
Info (10041): Inferred latch for "DATA_HOLD[7]" at UART_RX.vhd(40)
Info (10041): Inferred latch for "DONE" at UART_RX.vhd(40)
Warning (14026): LATCH primitive "UART_TX:Tx_MOD|TX" is permanently enabled
Warning (14026): LATCH primitive "UART_TX:Tx_MOD|RDY" is permanently enabled
Warning (14025): LATCH primitive "UART_RX:Rx_MOD|DATA_HOLD[0]" is permanently disabled
Warning (14025): LATCH primitive "UART_RX:Rx_MOD|DATA_HOLD[1]" is permanently disabled
Warning (14025): LATCH primitive "UART_RX:Rx_MOD|DATA_HOLD[2]" is permanently disabled
Warning (14025): LATCH primitive "UART_RX:Rx_MOD|DATA_HOLD[3]" is permanently disabled
Warning (14025): LATCH primitive "UART_RX:Rx_MOD|DATA_HOLD[4]" is permanently disabled
Warning (14025): LATCH primitive "UART_RX:Rx_MOD|DATA_HOLD[5]" is permanently disabled
Warning (14025): LATCH primitive "UART_RX:Rx_MOD|DATA_HOLD[6]" is permanently disabled
Warning (14025): LATCH primitive "UART_RX:Rx_MOD|DATA_HOLD[7]" is permanently disabled
Warning (13024): Output pins are stuck at VCC or GND
    Warning (13410): Pin "RXREG[0]" is stuck at GND
    Warning (13410): Pin "RXREG[1]" is stuck at GND
    Warning (13410): Pin "RXREG[2]" is stuck at GND
    Warning (13410): Pin "RXREG[3]" is stuck at GND
    Warning (13410): Pin "RXREG[4]" is stuck at GND
    Warning (13410): Pin "RXREG[5]" is stuck at GND
    Warning (13410): Pin "RXREG[6]" is stuck at GND
    Warning (13410): Pin "RXREG[7]" is stuck at GND
    Warning (13410): Pin "TX" is stuck at VCC
    Warning (13410): Pin "RXIF" is stuck at GND
Info (16010): Generating hard_block partition "hard_block:auto_generated_inst"
    Info (16011): Adding 0 node(s), including 0 DDIO, 0 PLL, 0 transceiver and 0 LCELL
Warning (21074): Design contains 21 input pin(s) that do not drive logic
    Warning (15610): No output dependent on input pin "CLK"
    Warning (15610): No output dependent on input pin "BAUD[0]"
    Warning (15610): No output dependent on input pin "BAUD[1]"
    Warning (15610): No output dependent on input pin "BAUD[2]"
    Warning (15610): No output dependent on input pin "BAUD[3]"
    Warning (15610): No output dependent on input pin "BAUD[4]"
    Warning (15610): No output dependent on input pin "BAUD[5]"
    Warning (15610): No output dependent on input pin "BAUD[6]"
    Warning (15610): No output dependent on input pin "BAUD[7]"
    Warning (15610): No output dependent on input pin "GET"
    Warning (15610): No output dependent on input pin "RXEN"
    Warning (15610): No output dependent on input pin "RX"
    Warning (15610): No output dependent on input pin "RESET"
    Warning (15610): No output dependent on input pin "TXREG[3]"
    Warning (15610): No output dependent on input pin "TXREG[2]"
    Warning (15610): No output dependent on input pin "TXREG[1]"
    Warning (15610): No output dependent on input pin "TXREG[0]"
    Warning (15610): No output dependent on input pin "TXREG[5]"
    Warning (15610): No output dependent on input pin "TXREG[6]"
    Warning (15610): No output dependent on input pin "TXREG[7]"
    Warning (15610): No output dependent on input pin "TXREG[4]"
Info (21057): Implemented 36 device resources after synthesis - the final resource count might be different
    Info (21058): Implemented 24 input pins
    Info (21059): Implemented 11 output pins
    Info (21061): Implemented 1 logic cells
Info: Quartus II 64-Bit Analysis & Synthesis was successful. 0 errors, 81 warnings
    Info: Peak virtual memory: 473 megabytes
    Info: Processing ended: Sat Jul 07 22:55:35 2018
    Info: Elapsed time: 00:00:02
    Info: Total CPU time (on all processors): 00:00:02


